SENT 1 bytes: l
SENT 1 bytes: s
SENT 1 bytes: 
RECEIVED 1 bytes: M
RECEIVED 53 bytes: akefile
P1B.html
P1B_check.sh
README
functions.sh
lab
RECEIVED 17 bytes: 1b-604751659.tar.P1B_check.sh
README
functions.sh
lab
RECEIVED 12 bytes: gz
lab1b-cli.tar.P1B_check.sh
README
functions.sh
lab
RECEIVED 13 bytes: ent
lab1b-clitar.P1B_check.sh
README
functions.sh
lab
RECEIVED 12 bytes: ent.c
lab1b-itar.P1B_check.sh
README
functions.sh
lab
RECEIVED 16 bytes: server
lab1b-ser.P1B_check.sh
README
functions.sh
lab
RECEIVED 17 bytes: ver.c
my.key
my.lP1B_check.sh
README
functions.sh
lab
RECEIVED 10 bytes: og
output
ey
my.lP1B_check.sh
README
functions.sh
lab
